com/sun/interview/AllFilesFileFilter.class
com/sun/interview/Checklist.class
com/sun/interview/Checklist$Item.class
com/sun/interview/ChoiceArrayQuestion.class
com/sun/interview/ChoiceQuestion.class
com/sun/interview/CompositeQuestion.class
com/sun/interview/DirectoryFileFilter.class
com/sun/interview/ErrorQuestion.class
com/sun/interview/ExtensionFileFilter.class
com/sun/interview/FileFilter.class
com/sun/interview/FileListQuestion.class
com/sun/interview/FileQuestion.class
com/sun/interview/FilesAndDirectoriesFileFilter.class
com/sun/interview/FinalQuestion.class
com/sun/interview/FloatQuestion.class
com/sun/interview/HelpSetFactory.class
com/sun/interview/HelpSetFactory$Default.class
com/sun/interview/InetAddressQuestion.class
com/sun/interview/IntQuestion.class
com/sun/interview/Interview.class
com/sun/interview/InterviewQuestion.class
com/sun/interview/InterviewSet.class
com/sun/interview/InterviewSet$1.class
com/sun/interview/InterviewSet$ChildComparator.class
com/sun/interview/InterviewSet$CycleFault.class
com/sun/interview/Interview$Fault.class
com/sun/interview/Interview$NotOnPathFault.class
com/sun/interview/Interview$Observer.class
com/sun/interview/Interview$Path.class
com/sun/interview/ListQuestion.class
com/sun/interview/ListQuestion$Body.class
com/sun/interview/ListQuestion$EndQuestion.class
com/sun/interview/NullQuestion.class
com/sun/interview/Properties2.class
com/sun/interview/PropertiesQuestion.class
com/sun/interview/PropertiesQuestion$BooleanConstraints.class
com/sun/interview/PropertiesQuestion$FilenameConstraints.class
com/sun/interview/PropertiesQuestion$FloatConstraints.class
com/sun/interview/PropertiesQuestion$IntConstraints.class
com/sun/interview/PropertiesQuestion$StringConstraints.class
com/sun/interview/PropertiesQuestion$ValueConstraints.class
com/sun/interview/Question.class
com/sun/interview/StringListQuestion.class
com/sun/interview/StringQuestion.class
com/sun/interview/TreeQuestion.class
com/sun/interview/TreeQuestion$Model.class
com/sun/interview/WizEdit.class
com/sun/interview/WizEdit$BadArgs.class
com/sun/interview/WizEdit$Fault.class
com/sun/interview/WizPrint.class
com/sun/interview/WizPrint$BadArgs.class
com/sun/interview/WizPrint$Fault.class
com/sun/interview/WizPrint$SortedVector.class
com/sun/interview/YesNoQuestion.class
com/sun/interview/i18n.properties
com/sun/javatest/AllKeywords.class
com/sun/javatest/AllTestsFilter.class
com/sun/javatest/AndExprKeywords.class
com/sun/javatest/AnyKeywords.class
com/sun/javatest/BasicParameters.class
com/sun/javatest/BinaryExprKeywords.class
com/sun/javatest/Command.class
com/sun/javatest/CompositeFilter.class
com/sun/javatest/DefaultTestRunner.class
com/sun/javatest/DefaultTestRunner$1.class
com/sun/javatest/Deprecated.class
com/sun/javatest/EditJTI.class
com/sun/javatest/EditJTI$BadArgs.class
com/sun/javatest/EditJTI$Fault.class
com/sun/javatest/EditLinks.class
com/sun/javatest/EditLinks$BadArgs.class
com/sun/javatest/ExcludeList.class
com/sun/javatest/ExcludeListFilter.class
com/sun/javatest/ExcludeListUpdateHandler.class
com/sun/javatest/ExcludeList$Entry.class
com/sun/javatest/ExcludeList$Fault.class
com/sun/javatest/ExcludeList$Key.class
com/sun/javatest/ExcludeList$Parser.class
com/sun/javatest/ExprKeywords.class
com/sun/javatest/ExprParser.class
com/sun/javatest/FileParameters.class
com/sun/javatest/Harness.class
com/sun/javatest/HarnessHttpHandler.class
com/sun/javatest/Harness$1.class
com/sun/javatest/Harness$2.class
com/sun/javatest/Harness$Autostop.class
com/sun/javatest/Harness$Fault.class
com/sun/javatest/Harness$Notifier.class
com/sun/javatest/Harness$Observer.class
com/sun/javatest/Harness$TestURLCollector.class
com/sun/javatest/InitialUrlFilter.class
com/sun/javatest/InterviewParameters.class
com/sun/javatest/InterviewParameters$JTIFault.class
com/sun/javatest/InterviewParameters$TemplateManager.class
com/sun/javatest/InterviewParameters$TestSuiteFault.class
com/sun/javatest/InterviewParameters$WorkDirFault.class
com/sun/javatest/InterviewPropagator.class
com/sun/javatest/InterviewPropagator$PropogateMap.class
com/sun/javatest/InterviewPropagator$TestRefresher.class
com/sun/javatest/InterviewPropagator$ViewManager.class
com/sun/javatest/JavaTestError.class
com/sun/javatest/JavaTestSecurityManager.class
com/sun/javatest/Keywords.class
com/sun/javatest/KeywordsFilter.class
com/sun/javatest/Keywords$Fault.class
com/sun/javatest/KnownFailuresList.class
com/sun/javatest/KnownFailuresList$Entry.class
com/sun/javatest/KnownFailuresList$Fault.class
com/sun/javatest/KnownFailuresList$Key.class
com/sun/javatest/KnownFailuresList$Parser.class
com/sun/javatest/LastRunFilter.class
com/sun/javatest/LastRunInfo.class
com/sun/javatest/NewJavaTestSecurityManager.class
com/sun/javatest/NotExprKeywords.class
com/sun/javatest/ObservableTestFilter.class
com/sun/javatest/ObservableTestFilter$Observer.class
com/sun/javatest/OrExprKeywords.class
com/sun/javatest/ParameterFilter.class
com/sun/javatest/Parameters.class
com/sun/javatest/Parameters$ConcurrencyParameters.class
com/sun/javatest/Parameters$EnvParameters.class
com/sun/javatest/Parameters$ExcludeListParameters.class
com/sun/javatest/Parameters$KeywordsParameters.class
com/sun/javatest/Parameters$LegacyEnvParameters.class
com/sun/javatest/Parameters$MutableConcurrencyParameters.class
com/sun/javatest/Parameters$MutableExcludeListParameters.class
com/sun/javatest/Parameters$MutableKeywordsParameters.class
com/sun/javatest/Parameters$MutablePriorStatusParameters.class
com/sun/javatest/Parameters$MutableTestsParameters.class
com/sun/javatest/Parameters$MutableTimeoutFactorParameters.class
com/sun/javatest/Parameters$PriorStatusParameters.class
com/sun/javatest/Parameters$TestsParameters.class
com/sun/javatest/Parameters$TimeoutFactorParameters.class
com/sun/javatest/ParenExprKeywords.class
com/sun/javatest/ProductInfo.class
com/sun/javatest/ResourceLoader.class
com/sun/javatest/ResourceTable.class
com/sun/javatest/Script.class
com/sun/javatest/Script$1.class
com/sun/javatest/Script$Alarm.class
com/sun/javatest/Script$DefaultTimeoutProvider.class
com/sun/javatest/Script$TimeoutProvider.class
com/sun/javatest/SetKeywords.class
com/sun/javatest/Status.class
com/sun/javatest/StatusFilter.class
com/sun/javatest/TRT_HttpHandler.class
com/sun/javatest/TRT_Iterator.class
com/sun/javatest/TRT_Iterator$1.class
com/sun/javatest/TRT_Iterator$FilterObserver.class
com/sun/javatest/TRT_Iterator$PseudoFrame.class
com/sun/javatest/TRT_TreeNode.class
com/sun/javatest/TRT_TreeNode$Fault.class
com/sun/javatest/TemplateUtilities.class
com/sun/javatest/TemplateUtilities$ConfigInfo.class
com/sun/javatest/TermExprKeywords.class
com/sun/javatest/Test.class
com/sun/javatest/TestDescription.class
com/sun/javatest/TestDescription$1.class
com/sun/javatest/TestEnvContext.class
com/sun/javatest/TestEnvContext$Fault.class
com/sun/javatest/TestEnvironment.class
com/sun/javatest/TestEnvironment$Element.class
com/sun/javatest/TestEnvironment$Fault.class
com/sun/javatest/TestFilter.class
com/sun/javatest/TestFilter$Fault.class
com/sun/javatest/TestFilter$Observer.class
com/sun/javatest/TestFinder.class
com/sun/javatest/TestFinderQueue.class
com/sun/javatest/TestFinderQueue$1.class
com/sun/javatest/TestFinderQueue$2.class
com/sun/javatest/TestFinderQueue$Notifier.class
com/sun/javatest/TestFinderQueue$Observer.class
com/sun/javatest/TestFinder$ErrorHandler.class
com/sun/javatest/TestFinder$Fault.class
com/sun/javatest/TestResult.class
com/sun/javatest/TestResultCache.class
com/sun/javatest/TestResultCache$1.class
com/sun/javatest/TestResultCache$2.class
com/sun/javatest/TestResultCache$Observer.class
com/sun/javatest/TestResultTable.class
com/sun/javatest/TestResultTable$1.class
com/sun/javatest/TestResultTable$DisassembledUrl.class
com/sun/javatest/TestResultTable$Fault.class
com/sun/javatest/TestResultTable$NullEnum.class
com/sun/javatest/TestResultTable$Observer.class
com/sun/javatest/TestResultTable$PathRecord.class
com/sun/javatest/TestResultTable$RequestsToCache.class
com/sun/javatest/TestResultTable$SortingComparator.class
com/sun/javatest/TestResultTable$TreeEventObserver.class
com/sun/javatest/TestResultTable$TreeIterator.class
com/sun/javatest/TestResultTable$TreeNode.class
com/sun/javatest/TestResultTable$TreeNodeObserver.class
com/sun/javatest/TestResultTable$TreeObserver.class
com/sun/javatest/TestResultTable$Updater.class
com/sun/javatest/TestResult$Fault.class
com/sun/javatest/TestResult$LockedWriter.class
com/sun/javatest/TestResult$Observer.class
com/sun/javatest/TestResult$OutputBuffer.class
com/sun/javatest/TestResult$ReloadFault.class
com/sun/javatest/TestResult$ResultFileNotFoundFault.class
com/sun/javatest/TestResult$Section.class
com/sun/javatest/TestResult$Section$FixedOutputBuffer.class
com/sun/javatest/TestResult$Section$WritableOutputBuffer.class
com/sun/javatest/TestRunner.class
com/sun/javatest/TestSuite.class
com/sun/javatest/TestSuite$1.class
com/sun/javatest/TestSuite$DuplicateLogNameFault.class
com/sun/javatest/TestSuite$Fault.class
com/sun/javatest/TestSuite$GeneralPurposeLogger.class
com/sun/javatest/TestSuite$NoSuchLogFault.class
com/sun/javatest/TestSuite$NotTestSuiteFault.class
com/sun/javatest/TestSuite$NotificationLogger.class
com/sun/javatest/Trace.class
com/sun/javatest/WorkDirectory.class
com/sun/javatest/WorkDirectory$BadDirectoryFault.class
com/sun/javatest/WorkDirectory$Fault.class
com/sun/javatest/WorkDirectory$InitializationFault.class
com/sun/javatest/WorkDirectory$MismatchFault.class
com/sun/javatest/WorkDirectory$NotWorkDirectoryFault.class
com/sun/javatest/WorkDirectory$PurgeFault.class
com/sun/javatest/WorkDirectory$TemplateMissingFault.class
com/sun/javatest/WorkDirectory$TestSuiteFault.class
com/sun/javatest/WorkDirectory$WorkDirectoryExistsFault.class
com/sun/javatest/agent/ActiveAgentCommand.class
com/sun/javatest/agent/ActiveAgentPool.class
com/sun/javatest/agent/ActiveAgentPool$1.class
com/sun/javatest/agent/ActiveAgentPool$Entries.class
com/sun/javatest/agent/ActiveAgentPool$Entries$1.class
com/sun/javatest/agent/ActiveAgentPool$Entry.class
com/sun/javatest/agent/ActiveAgentPool$Entry$1.class
com/sun/javatest/agent/ActiveAgentPool$Entry$InterruptableReader.class
com/sun/javatest/agent/ActiveAgentPool$Entry$InterruptableReader$1.class
com/sun/javatest/agent/ActiveAgentPool$NoAgentException.class
com/sun/javatest/agent/ActiveAgentPool$Observer.class
com/sun/javatest/agent/ActiveConnectionFactory.class
com/sun/javatest/agent/Agent.class
com/sun/javatest/agent/AgentClassLoader.class
com/sun/javatest/agent/AgentClassLoader2.class
com/sun/javatest/agent/AgentMain.class
com/sun/javatest/agent/AgentMain$BadArgs.class
com/sun/javatest/agent/AgentMain$ErrorObserver.class
com/sun/javatest/agent/AgentMain$Fault.class
com/sun/javatest/agent/AgentManager.class
com/sun/javatest/agent/AgentManager$Observer.class
com/sun/javatest/agent/AgentManager$Task.class
com/sun/javatest/agent/AgentMonitorBatchCommandManager.class
com/sun/javatest/agent/AgentMonitorBatchCommandManager$AgentPoolPortCommand.class
com/sun/javatest/agent/AgentMonitorBatchCommandManager$AgentPoolTimeoutCommand.class
com/sun/javatest/agent/AgentMonitorBatchCommandManager$StartAgentPoolCommand.class
com/sun/javatest/agent/AgentWriter.class
com/sun/javatest/agent/Agent$1.class
com/sun/javatest/agent/Agent$Notifier.class
com/sun/javatest/agent/Agent$Observer.class
com/sun/javatest/agent/Agent$Task.class
com/sun/javatest/agent/BadValue.class
com/sun/javatest/agent/Connection.class
com/sun/javatest/agent/ConnectionFactory.class
com/sun/javatest/agent/ConnectionFactory$Fault.class
com/sun/javatest/agent/Deprecated.class
com/sun/javatest/agent/InterruptableSocketConnection.class
com/sun/javatest/agent/InterruptableSocketConnection$InterruptableInputStream.class
com/sun/javatest/agent/InterruptableSocketConnection$InterruptableInputStream$InterruptableReader.class
com/sun/javatest/agent/InterruptableSocketConnection$InterruptableInputStream$InterruptableReader$1.class
com/sun/javatest/agent/Map.class
com/sun/javatest/agent/PassiveAgentCommand.class
com/sun/javatest/agent/PassiveConnectionFactory.class
com/sun/javatest/agent/SerialPortAgentCommand.class
com/sun/javatest/agent/SerialPortConnection.class
com/sun/javatest/agent/SerialPortConnectionFactory.class
com/sun/javatest/agent/SerialPortConnection$1.class
com/sun/javatest/agent/SerialPortConnection$2.class
com/sun/javatest/agent/SerialPortConnection$3.class
com/sun/javatest/agent/SocketConnection.class
com/sun/javatest/agent/SocketConnection$1.class
com/sun/javatest/agent/i18n.properties
com/sun/javatest/agent/jticon.gif
com/sun/javatest/batch/BatchManager.class
com/sun/javatest/batch/BatchManager$AutoRunCommand.class
com/sun/javatest/batch/BatchManager$BatchCommand.class
com/sun/javatest/batch/ObserverCommand.class
com/sun/javatest/batch/RunTestsCommand.class
com/sun/javatest/batch/RunTestsCommand$1.class
com/sun/javatest/batch/RunTestsCommand$BatchObserver.class
com/sun/javatest/batch/RunTestsCommand$VerboseObserver.class
com/sun/javatest/batch/i18n.properties
com/sun/javatest/finder/BinaryTestFinder.class
com/sun/javatest/finder/BinaryTestFinder$StringTable.class
com/sun/javatest/finder/BinaryTestFinder$TestTable.class
com/sun/javatest/finder/BinaryTestFinder$TestTree.class
com/sun/javatest/finder/BinaryTestFinder$TestTree$Node.class
com/sun/javatest/finder/BinaryTestWriter.class
com/sun/javatest/finder/BinaryTestWriter$1.class
com/sun/javatest/finder/BinaryTestWriter$2.class
com/sun/javatest/finder/BinaryTestWriter$BadArgs.class
com/sun/javatest/finder/BinaryTestWriter$Fault.class
com/sun/javatest/finder/BinaryTestWriter$StringTable.class
com/sun/javatest/finder/BinaryTestWriter$StringTable$Entry.class
com/sun/javatest/finder/BinaryTestWriter$TestTable.class
com/sun/javatest/finder/BinaryTestWriter$TestTable$Entry.class
com/sun/javatest/finder/BinaryTestWriter$TestTree.class
com/sun/javatest/finder/BinaryTestWriter$TestTree$Node.class
com/sun/javatest/finder/ChameleonTestFinder.class
com/sun/javatest/finder/ChameleonTestFinder$1.class
com/sun/javatest/finder/ChameleonTestFinder$Entry.class
com/sun/javatest/finder/CommentStream.class
com/sun/javatest/finder/ExpandTestFinder.class
com/sun/javatest/finder/HTMLCommentStream.class
com/sun/javatest/finder/HTMLTestFinder.class
com/sun/javatest/finder/JavaCommentStream.class
com/sun/javatest/finder/ReverseTestFinder.class
com/sun/javatest/finder/ShScriptCommentStream.class
com/sun/javatest/finder/ShowTests.class
com/sun/javatest/finder/ShowTests$BadArgs.class
com/sun/javatest/finder/ShowTests$Fault.class
com/sun/javatest/finder/TagTestFinder.class
com/sun/javatest/finder/i18n.properties
com/sun/javatest/httpd/HttpdServer.class
com/sun/javatest/httpd/HttpdServer$1.class
com/sun/javatest/httpd/JThttpProvider.class
com/sun/javatest/httpd/PageGenerator.class
com/sun/javatest/httpd/ProviderRegistry.class
com/sun/javatest/httpd/ProviderRegistry$HandlerEntry.class
com/sun/javatest/httpd/ProviderRegistry$IndexHandler.class
com/sun/javatest/httpd/RequestHandler.class
com/sun/javatest/httpd/RootRegistry.class
com/sun/javatest/httpd/RootRegistry$1.class
com/sun/javatest/httpd/RootRegistry$SpecialURLHandler.class
com/sun/javatest/httpd/httpURL.class
com/sun/javatest/httpd/httpURL$Fault.class
com/sun/javatest/httpd/i18n.properties
com/sun/javatest/i18n.properties
com/sun/javatest/interview/BasicInterviewParameters.class
com/sun/javatest/interview/BasicInterviewParameters$1.class
com/sun/javatest/interview/BasicInterviewParameters$2.class
com/sun/javatest/interview/BasicInterviewParameters$3.class
com/sun/javatest/interview/BasicInterviewParameters$4.class
com/sun/javatest/interview/ConcurrencyInterview.class
com/sun/javatest/interview/ConcurrencyInterview$1.class
com/sun/javatest/interview/DefaultInterviewParameters.class
com/sun/javatest/interview/EnvironmentInterview.class
com/sun/javatest/interview/EnvironmentInterview$1.class
com/sun/javatest/interview/EnvironmentInterview$2.class
com/sun/javatest/interview/EnvironmentInterview$3.class
com/sun/javatest/interview/EnvironmentInterview$4.class
com/sun/javatest/interview/EnvironmentInterview$5.class
com/sun/javatest/interview/EnvironmentInterview$6.class
com/sun/javatest/interview/ExcludeListInterview.class
com/sun/javatest/interview/ExcludeListInterview$1.class
com/sun/javatest/interview/ExcludeListInterview$2.class
com/sun/javatest/interview/ExcludeListInterview$3.class
com/sun/javatest/interview/ExcludeListInterview$4.class
com/sun/javatest/interview/ExcludeListInterview$5.class
com/sun/javatest/interview/ExcludeListInterview$6.class
com/sun/javatest/interview/ExcludeListInterview$7.class
com/sun/javatest/interview/ExcludeListInterview$ExcludeListTypeQuestion.class
com/sun/javatest/interview/ExcludeListInterview$NeedExcludeListsQuestion.class
com/sun/javatest/interview/KeywordsInterview.class
com/sun/javatest/interview/KeywordsInterview$1.class
com/sun/javatest/interview/KeywordsInterview$2.class
com/sun/javatest/interview/KeywordsInterview$KeywordsQuestion.class
com/sun/javatest/interview/KnownFailuresListInterview.class
com/sun/javatest/interview/KnownFailuresListInterview$1.class
com/sun/javatest/interview/KnownFailuresListInterview$2.class
com/sun/javatest/interview/KnownFailuresListInterview$3.class
com/sun/javatest/interview/KnownFailuresListInterview$4.class
com/sun/javatest/interview/KnownFailuresListInterview$NeedKflQuestion.class
com/sun/javatest/interview/LegacyParameters.class
com/sun/javatest/interview/PriorStatusInterview.class
com/sun/javatest/interview/PriorStatusInterview$1.class
com/sun/javatest/interview/PriorStatusInterview$2.class
com/sun/javatest/interview/SimpleInterviewParameters.class
com/sun/javatest/interview/SimpleInterviewParameters$1.class
com/sun/javatest/interview/SimpleInterviewParameters$2.class
com/sun/javatest/interview/SimpleInterviewParameters$3.class
com/sun/javatest/interview/SimpleInterviewParameters$4.class
com/sun/javatest/interview/SimpleInterviewParameters$5.class
com/sun/javatest/interview/SimpleInterviewParameters$6.class
com/sun/javatest/interview/SimpleInterviewParameters$7.class
com/sun/javatest/interview/SimpleInterviewParameters$8.class
com/sun/javatest/interview/SimpleInterviewParameters$9.class
com/sun/javatest/interview/TestsInterview.class
com/sun/javatest/interview/TestsInterview$1.class
com/sun/javatest/interview/TestsInterview$2.class
com/sun/javatest/interview/TestsInterview$3.class
com/sun/javatest/interview/TestsInterview$4.class
com/sun/javatest/interview/TestsInterview$5.class
com/sun/javatest/interview/TestsInterview$6.class
com/sun/javatest/interview/TestsInterview$7.class
com/sun/javatest/interview/TestsInterview$TreeOrFileChoiceQuestion.class
com/sun/javatest/interview/TimeoutFactorInterview.class
com/sun/javatest/interview/TimeoutFactorInterview$1.class
com/sun/javatest/interview/i18n.properties
com/sun/javatest/lib/APIScript.class
com/sun/javatest/lib/Deprecated.class
com/sun/javatest/lib/ExecStdTestOtherJVMCmd.class
com/sun/javatest/lib/ExecStdTestSameJVMCmd.class
com/sun/javatest/lib/JavaCompileCommand.class
com/sun/javatest/lib/KeywordScript.class
com/sun/javatest/lib/MultiStatus.class
com/sun/javatest/lib/MultiTest.class
com/sun/javatest/lib/MultiTest$SetupException.class
com/sun/javatest/lib/ProcessCommand.class
com/sun/javatest/lib/ProcessCommand$StreamCopier.class
com/sun/javatest/lib/ReportScript.class
com/sun/javatest/lib/StdTestScript.class
com/sun/javatest/lib/TestCases.class
com/sun/javatest/lib/TestCases$Fault.class
com/sun/javatest/logging/FileEvent.class
com/sun/javatest/logging/FileListener.class
com/sun/javatest/logging/FilteredLogModel.class
com/sun/javatest/logging/FilteredLogModel$1.class
com/sun/javatest/logging/FilteredLogModel$FilterChangedListener.class
com/sun/javatest/logging/FilteredLogModel$FilterWorker.class
com/sun/javatest/logging/FilteredLogModel$LogFileListener.class
com/sun/javatest/logging/FilteredLogModel$LogFilter.class
com/sun/javatest/logging/JTFormatter.class
com/sun/javatest/logging/LogModel.class
com/sun/javatest/logging/LogModel$1.class
com/sun/javatest/logging/LogModel$LiteLogRecord.class
com/sun/javatest/logging/LogModel$LogFileListener.class
com/sun/javatest/logging/LogModel$LoggerListener.class
com/sun/javatest/logging/LogModel$MessageCache.class
com/sun/javatest/logging/LogModel$NewPageListener.class
com/sun/javatest/logging/LogModel$Worker.class
com/sun/javatest/logging/LoggerFactory.class
com/sun/javatest/logging/ObservedFile.class
com/sun/javatest/logging/WorkDirLogHandler.class
com/sun/javatest/logging/i18n.properties
com/sun/javatest/report/ConfigSection.class
com/sun/javatest/report/ConfigSection$1.class
com/sun/javatest/report/ConfigSection$ExcludeListEntryComparator.class
com/sun/javatest/report/HTMLReport.class
com/sun/javatest/report/HTMLReport$DuplexWriter.class
com/sun/javatest/report/HTMLSection.class
com/sun/javatest/report/KflPlainText.class
com/sun/javatest/report/KflSection.class
com/sun/javatest/report/KflSorter.class
com/sun/javatest/report/KflSorter$1.class
com/sun/javatest/report/KflSorter$TestDiff.class
com/sun/javatest/report/KflSorter$Transitions.class
com/sun/javatest/report/PlainTextReport.class
com/sun/javatest/report/Report.class
com/sun/javatest/report/ReportFormat.class
com/sun/javatest/report/ReportFormat$ReportLink.class
com/sun/javatest/report/ReportManager.class
com/sun/javatest/report/ReportManager$ReportCommand.class
com/sun/javatest/report/ReportManager$WriteReportCommand.class
com/sun/javatest/report/ReportModel.class
com/sun/javatest/report/ReportSettings.class
com/sun/javatest/report/ReportSettings$1.class
com/sun/javatest/report/ReportSettings$TestResultsByNameComparator.class
com/sun/javatest/report/ReportWriter.class
com/sun/javatest/report/Report$CustomReportManager.class
com/sun/javatest/report/Report$LinkFinder.class
com/sun/javatest/report/Report$Settings.class
com/sun/javatest/report/Report$StartGenListener.class
com/sun/javatest/report/ResultSection.class
com/sun/javatest/report/StatisticsSection.class
com/sun/javatest/report/StringArrayComparator.class
com/sun/javatest/report/TestResultsByFileComparator.class
com/sun/javatest/report/TestResultsByStatusAndTitleComparator.class
com/sun/javatest/report/TestResultsByTitleComparator.class
com/sun/javatest/report/i18n.properties
com/sun/javatest/report/test_run_report.xsd
com/sun/javatest/services/AntService.class
com/sun/javatest/services/AntService$1.class
com/sun/javatest/services/Connector.class
com/sun/javatest/services/LocalConnector.class
com/sun/javatest/services/LocalConnector$1.class
com/sun/javatest/services/LogWriter.class
com/sun/javatest/services/Message.class
com/sun/javatest/services/MessageHandler.class
com/sun/javatest/services/Message$MessageType.class
com/sun/javatest/services/ParametrizeValue.class
com/sun/javatest/services/ProcessExecutor.class
com/sun/javatest/services/ProcessExecutor$BadMessageException.class
com/sun/javatest/services/ProcessParams.class
com/sun/javatest/services/PropertyServiceReader.class
com/sun/javatest/services/Service.class
com/sun/javatest/services/ServiceExecutor.class
com/sun/javatest/services/ServiceManager.class
com/sun/javatest/services/ServiceManager$Observer.class
com/sun/javatest/services/ServiceManager$ServiceCommandManager.class
com/sun/javatest/services/ServiceManager$ServiceCommandManager$ServiceStartCommand.class
com/sun/javatest/services/ServiceManager$StartMode.class
com/sun/javatest/services/ServiceManager$WatchDog.class
com/sun/javatest/services/ServiceManager$WritingThread.class
com/sun/javatest/services/ServiceProperties.class
com/sun/javatest/services/ServiceReader.class
com/sun/javatest/services/Service$MalformedParamsException.class
com/sun/javatest/services/Service$NotConnectedException.class
com/sun/javatest/services/Service$ServiceError.class
com/sun/javatest/services/StoppableRunnable.class
com/sun/javatest/services/Term.class
com/sun/javatest/services/TestPath.class
com/sun/javatest/services/TestPath$TDMatcher.class
com/sun/javatest/services/ThreadExecutor.class
com/sun/javatest/services/i18n.properties
com/sun/javatest/services/services.xsd
com/sun/javatest/stylesheet.css
com/sun/javatest/tool/Command.class
com/sun/javatest/tool/CommandContext.class
com/sun/javatest/tool/CommandContext$Fault.class
com/sun/javatest/tool/CommandManager.class
com/sun/javatest/tool/CommandParser.class
com/sun/javatest/tool/CommandParser$1.class
com/sun/javatest/tool/CommandParser$Fault.class
com/sun/javatest/tool/Command$Fault.class
com/sun/javatest/tool/ConfigManager.class
com/sun/javatest/tool/ConfigManager$ConcurrencyCommand.class
com/sun/javatest/tool/ConfigManager$ConfigCommand.class
com/sun/javatest/tool/ConfigManager$EnvCommand.class
com/sun/javatest/tool/ConfigManager$EnvFilesCommand.class
com/sun/javatest/tool/ConfigManager$ExcludeListCommand.class
com/sun/javatest/tool/ConfigManager$KeywordsCommand.class
com/sun/javatest/tool/ConfigManager$KflCommand.class
com/sun/javatest/tool/ConfigManager$OpenCommand.class
com/sun/javatest/tool/ConfigManager$ParamFileCommand.class
com/sun/javatest/tool/ConfigManager$ParamsBaseCommand.class
com/sun/javatest/tool/ConfigManager$ParamsCommand.class
com/sun/javatest/tool/ConfigManager$PriorStatusCommand.class
com/sun/javatest/tool/ConfigManager$SetCommand.class
com/sun/javatest/tool/ConfigManager$SetXCommand.class
com/sun/javatest/tool/ConfigManager$TestSuiteCommand.class
com/sun/javatest/tool/ConfigManager$TestsCommand.class
com/sun/javatest/tool/ConfigManager$TimeoutFactorCommand.class
com/sun/javatest/tool/ConfigManager$WorkDirectoryCommand.class
com/sun/javatest/tool/ConfigManager$WriteConfigCommand.class
com/sun/javatest/tool/CustomPropagationController.class
com/sun/javatest/tool/CustomPropagationController$EventType.class
com/sun/javatest/tool/EnvironmentManager.class
com/sun/javatest/tool/EnvironmentManager$ENameValueCommand.class
com/sun/javatest/tool/EnvironmentManager$ESysPropsCommand.class
com/sun/javatest/tool/FileHistory.class
com/sun/javatest/tool/FileOpener.class
com/sun/javatest/tool/FileOpener$Fault.class
com/sun/javatest/tool/HttpManager.class
com/sun/javatest/tool/HttpManager$HttpCommand.class
com/sun/javatest/tool/LogManager.class
com/sun/javatest/tool/LogManager$LogCommand.class
com/sun/javatest/tool/Main.class
com/sun/javatest/tool/Main$1.class
com/sun/javatest/tool/Main$MiniHelpManager.class
com/sun/javatest/tool/ManagerLoader.class
com/sun/javatest/tool/Preferences.class
com/sun/javatest/tool/Preferences$Observer.class
com/sun/javatest/tool/VerboseCommand.class
com/sun/javatest/tool/i18n.properties
com/sun/javatest/tool/i18n_fr.properties
com/sun/javatest/util/BackupPolicy.class
com/sun/javatest/util/BackupPolicy$1.class
com/sun/javatest/util/BackupPolicy$2.class
com/sun/javatest/util/BackupUtil.class
com/sun/javatest/util/BackupUtil$LayerFilter.class
com/sun/javatest/util/Debug.class
com/sun/javatest/util/Debug$1.class
com/sun/javatest/util/Debug$WildcardProperties.class
com/sun/javatest/util/DirectoryClassLoader.class
com/sun/javatest/util/DynamicArray.class
com/sun/javatest/util/ExitCount.class
com/sun/javatest/util/Fifo.class
com/sun/javatest/util/FileFilter.class
com/sun/javatest/util/FileInfoCache.class
com/sun/javatest/util/FileInfoCache$1.class
com/sun/javatest/util/HTMLWriter.class
com/sun/javatest/util/HelpTree.class
com/sun/javatest/util/HelpTree$1.class
com/sun/javatest/util/HelpTree$Node.class
com/sun/javatest/util/HelpTree$Selection.class
com/sun/javatest/util/I18NResourceBundle.class
com/sun/javatest/util/LineParser.class
com/sun/javatest/util/LineParser$Fault.class
com/sun/javatest/util/LogFile.class
com/sun/javatest/util/OrderedTwoWayTable.class
com/sun/javatest/util/PathClassLoader.class
com/sun/javatest/util/PrefixMap.class
com/sun/javatest/util/Properties.class
com/sun/javatest/util/PropertyArray.class
com/sun/javatest/util/PropertyArray$1.class
com/sun/javatest/util/PropertyArray$PropertyArrayError.class
com/sun/javatest/util/ReadAheadIterator.class
com/sun/javatest/util/ReadAheadIterator$1.class
com/sun/javatest/util/SortedProperties.class
com/sun/javatest/util/SortedProperties$1.class
com/sun/javatest/util/StringArray.class
com/sun/javatest/util/SysEnv.class
com/sun/javatest/util/TextStream.class
com/sun/javatest/util/TextWriter.class
com/sun/javatest/util/Timer.class
com/sun/javatest/util/Timer$1.class
com/sun/javatest/util/Timer$Entry.class
com/sun/javatest/util/Timer$Timeable.class
com/sun/javatest/util/WrapWriter.class
com/sun/javatest/util/WriterStream.class
com/sun/javatest/util/XMLWriter.class
com/sun/javatest/util/i18n.properties
copyright.txt
